change uv cache dir to /var/scratch/dpp2567/.uv_cache
------Running chinchilla_isoflops.py with uv and Python------
   Building cs336-scaling @ file:///var/scratch/dpp2567/cs336-assignment3-scaling
Downloading nvidia-cusolver-cu12 (150.9MiB)
Downloading nvidia-curand-cu12 (53.7MiB)
Downloading nvidia-cublas-cu12 (374.9MiB)
Downloading triton (149.3MiB)
Downloading torch (825.0MiB)
Downloading nvidia-nvjitlink-cu12 (18.8MiB)
Downloading nvidia-cuda-nvrtc-cu12 (22.6MiB)
Downloading nvidia-cudnn-cu12 (544.5MiB)
Downloading nvidia-nccl-cu12 (192.0MiB)
Downloading nvidia-cusparse-cu12 (206.5MiB)
Downloading pillow (6.7MiB)
Downloading sympy (6.0MiB)
Downloading networkx (1.6MiB)
Downloading kiwisolver (1.4MiB)
Downloading numpy (15.9MiB)
Downloading nvidia-cufile-cu12 (1.1MiB)
Downloading nvidia-cuda-cupti-cu12 (8.5MiB)
Downloading nvidia-cufft-cu12 (190.9MiB)
Downloading matplotlib (8.3MiB)
Downloading fonttools (4.8MiB)
Downloading nvidia-cusparselt-cu12 (149.5MiB)
Downloading setuptools (1.2MiB)
 Downloaded nvidia-cufile-cu12
 Downloaded kiwisolver
 Downloaded setuptools
 Downloaded networkx
 Downloaded fonttools
      Built cs336-scaling @ file:///var/scratch/dpp2567/cs336-assignment3-scaling
 Downloaded pillow
 Downloaded nvidia-cuda-cupti-cu12
 Downloaded matplotlib
 Downloaded nvidia-nvjitlink-cu12
 Downloaded nvidia-cuda-nvrtc-cu12
 Downloaded numpy
 Downloaded nvidia-curand-cu12
 Downloaded sympy
 Downloaded nvidia-cusparselt-cu12
 Downloaded nvidia-cusolver-cu12
 Downloaded nvidia-nccl-cu12
 Downloaded nvidia-cufft-cu12
 Downloaded nvidia-cusparse-cu12
 Downloaded triton
 Downloaded nvidia-cublas-cu12
 Downloaded nvidia-cudnn-cu12
 Downloaded torch
Uninstalled 32 packages in 26.13s
Installed 34 packages in 3.85s
Predicted compute-optimal model sizes: N_opt(1e+23) = 7.005423e+10 parameters, N_opt(1e+24) = 2.061185e+11 parameters.
Predicted compute-optimal dataset sizes: D_opt(1e+23) = 2.379109e+11 tokens, D_opt(1e+24) = 8.085962e+11 tokens.
Saved artifacts in: results/chinchilla_isoflops
